d:\check-new-mine_wth_upgade\name_change_miner\bnbtcminer-master (3)\bnbtcminer-master\cudasoliditysha3solver\x64\release\vc142.pdb
d:\check-new-mine_wth_upgade\name_change_miner\bnbtcminer-master (3)\bnbtcminer-master\cudasoliditysha3solver\x64\release\solver.obj
d:\check-new-mine_wth_upgade\name_change_miner\bnbtcminer-master (3)\bnbtcminer-master\cudasoliditysha3solver\x64\release\nv_api.obj
d:\check-new-mine_wth_upgade\name_change_miner\bnbtcminer-master (3)\bnbtcminer-master\cudasoliditysha3solver\x64\release\cudasolver.obj
d:\check-new-mine_wth_upgade\name_change_miner\bnbtcminer-master (3)\bnbtcminer-master\cudasoliditysha3solver\x64\release\cudaerrorcheck.obj
d:\check-new-mine_wth_upgade\name_change_miner\bnbtcminer-master (3)\bnbtcminer-master\soliditysha3miner\bin\release\net5.0\cudasoliditysha3solver.lib
d:\check-new-mine_wth_upgade\name_change_miner\bnbtcminer-master (3)\bnbtcminer-master\soliditysha3miner\bin\release\net5.0\cudasoliditysha3solver.exp
d:\check-new-mine_wth_upgade\name_change_miner\bnbtcminer-master (3)\bnbtcminer-master\soliditysha3miner\bin\release\net5.0\cudasoliditysha3solver.dll
d:\check-new-mine_wth_upgade\name_change_miner\bnbtcminer-master (3)\bnbtcminer-master\cudasoliditysha3solver\x64\release\cudasoliditysha3solver.ipdb
d:\check-new-mine_wth_upgade\name_change_miner\bnbtcminer-master (3)\bnbtcminer-master\cudasoliditysha3solver\x64\release\cudasoliditysha3solver.iobj
d:\check-new-mine_wth_upgade\name_change_miner\bnbtcminer-master (3)\bnbtcminer-master\soliditysha3miner\bin\release\net5.0\cudasoliditysha3solver.pdb
d:\check-new-mine_wth_upgade\name_change_miner\bnbtcminer-master (3)\bnbtcminer-master\cudasoliditysha3solver\x64\release\resource.res
d:\check-new-mine_wth_upgade\name_change_miner\bnbtcminer-master (3)\bnbtcminer-master\cudasoliditysha3solver\x64\release\cudasha3.cu.cache
d:\check-new-mine_wth_upgade\name_change_miner\bnbtcminer-master (3)\bnbtcminer-master\cudasoliditysha3solver\x64\release\cudasha3king.cu.cache
d:\check-new-mine_wth_upgade\name_change_miner\bnbtcminer-master (3)\bnbtcminer-master\cudasoliditysha3solver\x64\release\cudasha3.cu.obj
d:\check-new-mine_wth_upgade\name_change_miner\bnbtcminer-master (3)\bnbtcminer-master\cudasoliditysha3solver\x64\release\cudasha3king.cu.obj
d:\check-new-mine_wth_upgade\name_change_miner\bnbtcminer-master (3)\bnbtcminer-master\cudasoliditysha3solver\x64\release\cudasoli.8541a1a2.tlog\cl.command.1.tlog
d:\check-new-mine_wth_upgade\name_change_miner\bnbtcminer-master (3)\bnbtcminer-master\cudasoliditysha3solver\x64\release\cudasoli.8541a1a2.tlog\cl.read.1.tlog
d:\check-new-mine_wth_upgade\name_change_miner\bnbtcminer-master (3)\bnbtcminer-master\cudasoliditysha3solver\x64\release\cudasoli.8541a1a2.tlog\cl.write.1.tlog
d:\check-new-mine_wth_upgade\name_change_miner\bnbtcminer-master (3)\bnbtcminer-master\cudasoliditysha3solver\x64\release\cudasoli.8541a1a2.tlog\cudacompile.read.1u.tlog
d:\check-new-mine_wth_upgade\name_change_miner\bnbtcminer-master (3)\bnbtcminer-master\cudasoliditysha3solver\x64\release\cudasoli.8541a1a2.tlog\cudacompile.write.1u.tlog
d:\check-new-mine_wth_upgade\name_change_miner\bnbtcminer-master (3)\bnbtcminer-master\cudasoliditysha3solver\x64\release\cudasoli.8541a1a2.tlog\cudasoliditysha3solver.write.1u.tlog
d:\check-new-mine_wth_upgade\name_change_miner\bnbtcminer-master (3)\bnbtcminer-master\cudasoliditysha3solver\x64\release\cudasoli.8541a1a2.tlog\link.command.1.tlog
d:\check-new-mine_wth_upgade\name_change_miner\bnbtcminer-master (3)\bnbtcminer-master\cudasoliditysha3solver\x64\release\cudasoli.8541a1a2.tlog\link.read.1.tlog
d:\check-new-mine_wth_upgade\name_change_miner\bnbtcminer-master (3)\bnbtcminer-master\cudasoliditysha3solver\x64\release\cudasoli.8541a1a2.tlog\link.write.1.tlog
d:\check-new-mine_wth_upgade\name_change_miner\bnbtcminer-master (3)\bnbtcminer-master\cudasoliditysha3solver\x64\release\cudasoli.8541a1a2.tlog\rc.command.1.tlog
d:\check-new-mine_wth_upgade\name_change_miner\bnbtcminer-master (3)\bnbtcminer-master\cudasoliditysha3solver\x64\release\cudasoli.8541a1a2.tlog\rc.read.1.tlog
d:\check-new-mine_wth_upgade\name_change_miner\bnbtcminer-master (3)\bnbtcminer-master\cudasoliditysha3solver\x64\release\cudasoli.8541a1a2.tlog\rc.write.1.tlog
