d:\check-new-mine_wth_upgade\name_change_miner\bnbtcminer-master (3)\bnbtcminer-master\openclsoliditysha3solver\x64\release\vc142.pdb
d:\check-new-mine_wth_upgade\name_change_miner\bnbtcminer-master (3)\bnbtcminer-master\openclsoliditysha3solver\x64\release\solver.obj
d:\check-new-mine_wth_upgade\name_change_miner\bnbtcminer-master (3)\bnbtcminer-master\openclsoliditysha3solver\x64\release\openclsolver.obj
d:\check-new-mine_wth_upgade\name_change_miner\bnbtcminer-master (3)\bnbtcminer-master\openclsoliditysha3solver\x64\release\adl_api.obj
d:\check-new-mine_wth_upgade\name_change_miner\bnbtcminer-master (3)\bnbtcminer-master\soliditysha3miner\bin\release\net5.0\openclsoliditysha3solver.dll
d:\check-new-mine_wth_upgade\name_change_miner\bnbtcminer-master (3)\bnbtcminer-master\openclsoliditysha3solver\x64\release\openclsoliditysha3solver.ipdb
d:\check-new-mine_wth_upgade\name_change_miner\bnbtcminer-master (3)\bnbtcminer-master\openclsoliditysha3solver\x64\release\openclsoliditysha3solver.iobj
d:\check-new-mine_wth_upgade\name_change_miner\bnbtcminer-master (3)\bnbtcminer-master\soliditysha3miner\bin\release\net5.0\openclsoliditysha3solver.pdb
d:\check-new-mine_wth_upgade\name_change_miner\bnbtcminer-master (3)\bnbtcminer-master\soliditysha3miner\bin\release\net5.0\openclsoliditysha3solver.lib
d:\check-new-mine_wth_upgade\name_change_miner\bnbtcminer-master (3)\bnbtcminer-master\soliditysha3miner\bin\release\net5.0\openclsoliditysha3solver.exp
d:\check-new-mine_wth_upgade\name_change_miner\bnbtcminer-master (3)\bnbtcminer-master\openclsoliditysha3solver\x64\release\resource.res
d:\check-new-mine_wth_upgade\name_change_miner\bnbtcminer-master (3)\bnbtcminer-master\openclsoliditysha3solver\x64\release\openclso.a73b12b6.tlog\cl.command.1.tlog
d:\check-new-mine_wth_upgade\name_change_miner\bnbtcminer-master (3)\bnbtcminer-master\openclsoliditysha3solver\x64\release\openclso.a73b12b6.tlog\cl.read.1.tlog
d:\check-new-mine_wth_upgade\name_change_miner\bnbtcminer-master (3)\bnbtcminer-master\openclsoliditysha3solver\x64\release\openclso.a73b12b6.tlog\cl.write.1.tlog
d:\check-new-mine_wth_upgade\name_change_miner\bnbtcminer-master (3)\bnbtcminer-master\openclsoliditysha3solver\x64\release\openclso.a73b12b6.tlog\link.command.1.tlog
d:\check-new-mine_wth_upgade\name_change_miner\bnbtcminer-master (3)\bnbtcminer-master\openclsoliditysha3solver\x64\release\openclso.a73b12b6.tlog\link.read.1.tlog
d:\check-new-mine_wth_upgade\name_change_miner\bnbtcminer-master (3)\bnbtcminer-master\openclsoliditysha3solver\x64\release\openclso.a73b12b6.tlog\link.write.1.tlog
d:\check-new-mine_wth_upgade\name_change_miner\bnbtcminer-master (3)\bnbtcminer-master\openclsoliditysha3solver\x64\release\openclso.a73b12b6.tlog\openclsoliditysha3solver.write.1u.tlog
d:\check-new-mine_wth_upgade\name_change_miner\bnbtcminer-master (3)\bnbtcminer-master\openclsoliditysha3solver\x64\release\openclso.a73b12b6.tlog\rc.command.1.tlog
d:\check-new-mine_wth_upgade\name_change_miner\bnbtcminer-master (3)\bnbtcminer-master\openclsoliditysha3solver\x64\release\openclso.a73b12b6.tlog\rc.read.1.tlog
d:\check-new-mine_wth_upgade\name_change_miner\bnbtcminer-master (3)\bnbtcminer-master\openclsoliditysha3solver\x64\release\openclso.a73b12b6.tlog\rc.write.1.tlog
