d:\check-new-mine_wth_upgade\name_change_miner\bnbtcminer-master (3)\bnbtcminer-master\cpusoliditysha3solver\x64\release\vc142.pdb
d:\check-new-mine_wth_upgade\name_change_miner\bnbtcminer-master (3)\bnbtcminer-master\cpusoliditysha3solver\x64\release\solver.obj
d:\check-new-mine_wth_upgade\name_change_miner\bnbtcminer-master (3)\bnbtcminer-master\cpusoliditysha3solver\x64\release\cpusolver.obj
d:\check-new-mine_wth_upgade\name_change_miner\bnbtcminer-master (3)\bnbtcminer-master\cpusoliditysha3solver\x64\release\sha3-midstate.obj
d:\check-new-mine_wth_upgade\name_change_miner\bnbtcminer-master (3)\bnbtcminer-master\cpusoliditysha3solver\x64\release\keccak-tiny.obj
d:\check-new-mine_wth_upgade\name_change_miner\bnbtcminer-master (3)\bnbtcminer-master\soliditysha3miner\bin\release\net5.0\cpusoliditysha3solver.lib
d:\check-new-mine_wth_upgade\name_change_miner\bnbtcminer-master (3)\bnbtcminer-master\soliditysha3miner\bin\release\net5.0\cpusoliditysha3solver.exp
d:\check-new-mine_wth_upgade\name_change_miner\bnbtcminer-master (3)\bnbtcminer-master\soliditysha3miner\bin\release\net5.0\cpusoliditysha3solver.dll
d:\check-new-mine_wth_upgade\name_change_miner\bnbtcminer-master (3)\bnbtcminer-master\cpusoliditysha3solver\x64\release\cpusoliditysha3solver.ipdb
d:\check-new-mine_wth_upgade\name_change_miner\bnbtcminer-master (3)\bnbtcminer-master\cpusoliditysha3solver\x64\release\cpusoliditysha3solver.iobj
d:\check-new-mine_wth_upgade\name_change_miner\bnbtcminer-master (3)\bnbtcminer-master\soliditysha3miner\bin\release\net5.0\cpusoliditysha3solver.pdb
d:\check-new-mine_wth_upgade\name_change_miner\bnbtcminer-master (3)\bnbtcminer-master\cpusoliditysha3solver\x64\release\resource.res
d:\check-new-mine_wth_upgade\name_change_miner\bnbtcminer-master (3)\bnbtcminer-master\cpusoliditysha3solver\x64\release\cpusolid.b3b05a02.tlog\cl.command.1.tlog
d:\check-new-mine_wth_upgade\name_change_miner\bnbtcminer-master (3)\bnbtcminer-master\cpusoliditysha3solver\x64\release\cpusolid.b3b05a02.tlog\cl.read.1.tlog
d:\check-new-mine_wth_upgade\name_change_miner\bnbtcminer-master (3)\bnbtcminer-master\cpusoliditysha3solver\x64\release\cpusolid.b3b05a02.tlog\cl.write.1.tlog
d:\check-new-mine_wth_upgade\name_change_miner\bnbtcminer-master (3)\bnbtcminer-master\cpusoliditysha3solver\x64\release\cpusolid.b3b05a02.tlog\cpusoliditysha3solver.write.1u.tlog
d:\check-new-mine_wth_upgade\name_change_miner\bnbtcminer-master (3)\bnbtcminer-master\cpusoliditysha3solver\x64\release\cpusolid.b3b05a02.tlog\link.command.1.tlog
d:\check-new-mine_wth_upgade\name_change_miner\bnbtcminer-master (3)\bnbtcminer-master\cpusoliditysha3solver\x64\release\cpusolid.b3b05a02.tlog\link.read.1.tlog
d:\check-new-mine_wth_upgade\name_change_miner\bnbtcminer-master (3)\bnbtcminer-master\cpusoliditysha3solver\x64\release\cpusolid.b3b05a02.tlog\link.write.1.tlog
d:\check-new-mine_wth_upgade\name_change_miner\bnbtcminer-master (3)\bnbtcminer-master\cpusoliditysha3solver\x64\release\cpusolid.b3b05a02.tlog\rc.command.1.tlog
d:\check-new-mine_wth_upgade\name_change_miner\bnbtcminer-master (3)\bnbtcminer-master\cpusoliditysha3solver\x64\release\cpusolid.b3b05a02.tlog\rc.read.1.tlog
d:\check-new-mine_wth_upgade\name_change_miner\bnbtcminer-master (3)\bnbtcminer-master\cpusoliditysha3solver\x64\release\cpusolid.b3b05a02.tlog\rc.write.1.tlog
